accountsservice					install
acl						install
acpi-support					install
acpid						install
adduser						install
adium-theme-ubuntu				install
aisleriot					install
alacarte					install
alltray						install
alsa-base					install
alsa-utils					install
anacron						install
ant						install
ant-optional					install
anthy						install
anthy-common					install
apache2						install
apache2-mpm-worker				install
apache2-utils					install
apache2.2-bin					install
apache2.2-common				install
apg						install
app-install-data				install
app-install-data-partner			install
apparmor					install
appmenu-gtk					install
appmenu-gtk3					install
appmenu-qt					install
apport						install
apport-gtk					install
apport-symptoms					install
apt						install
apt-transport-https				install
apt-utils					install
apt-xapian-index				install
aptdaemon					install
aptdaemon-data					install
apturl						install
apturl-common					install
ark						install
aspell						install
aspell-en					install
at						install
at-spi2-core					install
audacious					install
audacious-plugins				install
audacity					install
audacity-data					install
authbind					install
autoconf					install
automake					install
autotools-dev					install
avahi-autoipd					install
avahi-daemon					install
avahi-utils					install
bamfdaemon					install
banshee						install
banshee-extension-soundmenu			install
banshee-extension-ubuntuonemusicstore		install
baobab						install
base-files					install
base-passwd					install
bash						install
bash-completion					install
bash-doc					install
bc						install
bind9-host					install
binfmt-support					install
binutils					install
blcr-dkms					install
blcr-util					install
blt						install
bluez						install
bluez-alsa					install
bluez-cups					install
bluez-gstreamer					install
branding-ubuntu					install
brasero						install
brasero-cdrkit					install
brasero-common					install
brltty						install
bsd-mailx					install
bsdmainutils					install
bsdutils					install
build-essential					install
busybox-initramfs				install
busybox-static					install
bzip2						install
bzr						install
bzr-dbus					install
bzr-gtk						install
bzrtools					install
c2esp						install
ca-certificates					install
ca-certificates-java				install
cabextract					install
caribou						install
cdbs						install
cdparanoia					install
cernlib						install
cernlib-base					install
cernlib-base-dev				install
cernlib-core					install
cernlib-core-dev				install
cernlib-extras					install
cernlib-montecarlo				install
cfortran					install
checkbox					install
checkbox-gtk					install
cli-common					install
cm-super					install
cm-super-minimal				install
cmap-adobe-japan1				install
codeblocks					install
codeblocks-common				install
codeblocks-dev					install
colord						install
comix						install
command-not-found				install
command-not-found-data				install
compiz						install
compiz-core					install
compiz-gnome					install
compiz-plugins					install
compiz-plugins-default				install
compiz-plugins-extra				install
compiz-plugins-main				install
compiz-plugins-main-default			install
compizconfig-backend-gconf			install
compizconfig-settings-manager			install
connman						deinstall
console-setup					install
consolekit					install
context						install
coreutils					install
couchdb-bin					install
cowbuilder					install
cowdancer					install
cpio						install
cpp						install
cpp-4.6						install
cron						install
csh						install
cups						install
cups-bsd					install
cups-client					install
cups-common					install
cups-driver-gutenprint				install
cups-pdf					install
cups-pk-helper					install
cups-ppdc					install
curl						install
cvs						install
cvsps						install
dash						install
dbus						install
dbus-x11					install
dc						install
dconf						deinstall
dconf-gsettings-backend				install
dconf-tools					install
dctrl-tools					install
debconf						install
debconf-i18n					install
debhelper					install
debianutils					install
debootstrap					install
deborphan					install
default-jdk					install
default-jre					install
default-jre-headless				install
defoma						install
desktop-base					install
desktop-file-utils				install
desktopcouch					install
desktopcouch-ubuntuone				install
devhelp						install
devhelp-common					install
devscripts					install
dh-translations					install
dia						install
dia-common					install
dia-libs					install
dialog						install
dictionaries-common				install
diffstat					install
diffutils					install
djview4						install
djvulibre-bin					install
djvulibre-desktop				install
dkms						install
dlocate						install
dmidecode					install
dmsetup						install
dmz-cursor-theme				install
dnsmasq-base					install
dnsutils					install
doc-base					install
docbook-xml					install
docbook-xsl					install
dosfstools					install
dpatch						install
dpkg						install
dpkg-dev					install
dput						install
dropbox						install
duplicity					install
dvd+rw-tools					install
dvipng						install
dwww						install
dzedit						install
e2fslibs					install
e2fsprogs					install
eclipse-jdt					install
eclipse-pde					install
eclipse-platform				install
eclipse-platform-data				install
eclipse-rcp					install
ed						install
eject						install
electricsheep					install
elinks						deinstall
elinks-lite					install
emacs						install
emacs23						install
emacs23-bin-common				install
emacs23-common					install
emacs23-el					install
emacsen-common					install
empathy						install
empathy-common					install
eog						install
epiphany-browser				install
epiphany-browser-data				install
erlang-base					install
erlang-crypto					install
erlang-inets					install
erlang-mnesia					install
erlang-public-key				install
erlang-runtime-tools				install
erlang-ssl					install
erlang-syntax-tools				install
erlang-xmerl					install
esound-common					install
espeak						install
espeak-data					install
ethtool						install
evince						install
evince-common					install
evolution-data-server				install
evolution-data-server-common			install
example-content					install
exim4						install
exim4-base					install
exim4-config					install
exim4-daemon-light				install
exiv2						install
exo-utils					install
exo-utils-dbg					install
exuberant-ctags					install
fakeroot					install
fastjar						install
fcitx						install
fcitx-config-common				install
fcitx-config-gtk				install
fcitx-data					install
fcitx-sunpinyin					install
festival					install
festlex-cmu					install
festlex-poslex					install
festvox-kallpc16k				install
feynmf						install
ffmpeg						install
fftw2						install
fgetty						install
fglrx						install
fglrx-amdcccle					install
fglrx-dev					install
file						install
file-roller					install
filezilla					install
filezilla-common				install
findutils					install
firefox						install
firefox-globalmenu				install
firefox-gnome-support				install
firefox-locale-en				install
firefox-locale-zh-hans				install
firefox-locale-zh-hant				install
flam3						install
flashplugin-downloader:i386			install
flashplugin-installer				install
fontconfig					install
fontconfig-config				install
fonts-horai-umefont				install
foo2zjs						install
foomatic-db-compressed-ppds			install
foomatic-db-engine				install
foomatic-filters				install
fragmaster					install
freeglut3					install
freeglut3-dev					install
freepats					install
friendly-recovery				install
ftp						install
fuse-utils					install
g++						install
g++-4.6						install
gamin						install
gawk						install
gbrainy						install
gcalctool					install
gcc						install
gcc-4.6						install
gcc-4.6-base					install
gcc-4.6-base:i386				install
gcc-4.6-doc					install
gcc-doc						install
gccxml						install
gcj-4.6-base					install
gcj-4.6-jre-lib					install
gconf-defaults-service				install
gconf-editor					install
gconf2						install
gconf2-common					install
gdb						install
gdm						install
geant321					install
geant321-data					install
geant321-doc					install
gedit						install
gedit-common					install
gedit-developer-plugins				install
gedit-latex-plugin				install
gedit-plugins					install
gelemental					install
gem2deb						install
genisoimage					install
geoclue						install
geoclue-ubuntu-geoip				install
geoip-database					install
geomview					install
gettext						install
gettext-base					install
gfortran					install
gfortran-4.6					install
ghostscript					install
ghostscript-cups				install
ghostscript-x					install
giggle						install
gimp						install
gimp-data					install
gimp-help-common				install
gimp-help-en					install
ginn						install
gir1.2-accountsservice-1.0			install
gir1.2-appindicator3-0.1			install
gir1.2-atk-1.0					install
gir1.2-atspi-2.0				install
gir1.2-caribou-1.0				install
gir1.2-clutter-1.0				install
gir1.2-cogl-1.0					install
gir1.2-dbusmenu-glib-0.4			install
gir1.2-dbusmenu-gtk-0.4				install
gir1.2-dee-0.5					install
gir1.2-folks-0.6				install
gir1.2-freedesktop				install
gir1.2-gconf-2.0				install
gir1.2-gdkpixbuf-2.0				install
gir1.2-gee-1.0					install
gir1.2-gkbd-3.0					install
gir1.2-glib-2.0					install
gir1.2-gmenu-3.0				install
gir1.2-gnomebluetooth-1.0			install
gir1.2-gstreamer-0.10				install
gir1.2-gtk-2.0					install
gir1.2-gtk-3.0					install
gir1.2-gtksource-3.0				install
gir1.2-gucharmap-2.90				install
gir1.2-indicate-0.6				install
gir1.2-json-1.0					install
gir1.2-launchpad-integration-3.0		install
gir1.2-mutter-3.0				install
gir1.2-nautilus-3.0				install
gir1.2-networkmanager-1.0			install
gir1.2-notify-0.7				install
gir1.2-panelapplet-4.0				install
gir1.2-pango-1.0				install
gir1.2-peas-1.0					install
gir1.2-polkit-1.0				install
gir1.2-rb-3.0					install
gir1.2-soup-2.4					install
gir1.2-telepathyglib-0.12			install
gir1.2-telepathylogger-0.2			install
gir1.2-totem-1.0				install
gir1.2-totem-plparser-1.0			install
gir1.2-unity-4.0				install
gir1.2-upowerglib-1.0				install
gir1.2-vte-2.90					install
gir1.2-webkit-3.0				install
gir1.2-wnck-3.0					install
git						install
git-all						install
git-arch					install
git-buildpackage				install
git-cola					install
git-core					install
git-cvs						install
git-daemon-run					install
git-doc						install
git-el						install
git-email					install
git-gui						install
git-man						install
git-sh						install
git-svn						install
gitg						install
gitk						install
gitmagic					install
gitstats					install
gitweb						install
gjs						install
gksu						install
glade						install
glade-xfce					install
glib-networking					install
gnat-4.4-base					install
gnome-accessibility-themes			install
gnome-applets					install
gnome-applets-data				install
gnome-bluetooth					install
gnome-codec-install				install
gnome-color-chooser				install
gnome-control-center				install
gnome-control-center-data			install
gnome-desktop-data				install
gnome-desktop3-data				install
gnome-disk-utility				install
gnome-font-viewer				install
gnome-games-common				install
gnome-icon-theme				install
gnome-icon-theme-extras				install
gnome-icon-theme-full				install
gnome-icon-theme-symbolic			install
gnome-js-common					install
gnome-keyring					install
gnome-mahjongg					install
gnome-media					install
gnome-menus					install
gnome-nettool					install
gnome-online-accounts				install
gnome-panel					install
gnome-panel-data				install
gnome-power-manager				install
gnome-screensaver				install
gnome-screenshot				install
gnome-search-tool				install
gnome-session					install
gnome-session-bin				install
gnome-session-canberra				install
gnome-session-common				install
gnome-session-fallback				install
gnome-settings-daemon				install
gnome-shell					install
gnome-shell-common				install
gnome-sudoku					install
gnome-system-log				install
gnome-system-monitor				install
gnome-terminal					install
gnome-terminal-data				install
gnome-themes-extras				install
gnome-themes-more				install
gnome-themes-standard				install
gnome-themes-ubuntu				install
gnome-tweak-tool				install
gnome-user-guide				install
gnome-user-share				install
gnome-utils-common				install
gnomine						install
gnubik						install
gnugo						install
gnupg						install
gnuplot						install
gnuplot-doc					install
gnuplot-nox					install
gnuplot-x11					install
goldendict					install
goldendict-wordnet				install
google-chrome-stable				install
google-talkplugin				install
gparted						install
gpgv						install
gpicview					install
grace						install
grep						install
groff						install
groff-base					install
growisofs					install
grub-common					install
grub-gfxpayload-lists				install
grub-pc						install
grub-pc-bin					install
grub2-common					install
gs-cjk-resource					install
gsettings-desktop-schemas			install
gsfonts						install
gsfonts-x11					install
gsl-bin						install
gstreamer0.10-alsa				install
gstreamer0.10-ffmpeg				install
gstreamer0.10-fluendo-mp3			install
gstreamer0.10-gconf				install
gstreamer0.10-nice				install
gstreamer0.10-plugins-bad			install
gstreamer0.10-plugins-base			install
gstreamer0.10-plugins-base-apps			install
gstreamer0.10-plugins-good			install
gstreamer0.10-plugins-ugly			install
gstreamer0.10-pulseaudio			install
gstreamer0.10-tools				install
gstreamer0.10-x					install
gtg						install
gtk-recordmydesktop				install
gtk2-engines					install
gtk2-engines-murrine				install
gtk2-engines-pixbuf				install
gtk2-engines-smooth				install
gtk2-engines-xfce				install
gtk3-engines-unico				install
gucharmap					install
guile-1.8					install
guile-1.8-dev					install
guile-1.8-libs					install
gv						install
gvfs						install
gvfs-backends					install
gvfs-bin					install
gvfs-fuse					install
gwenview					install
gwibber						install
gwibber-service					install
gwibber-service-facebook			install
gwibber-service-identica			install
gwibber-service-twitter				install
gzip						install
h5utils						install
hal						install
hal-info					install
hddtemp						install
hdf5-tools					install
hdparm						install
hicolor-icon-theme				install
hostname					install
hplip						install
hplip-cups					install
hplip-data					install
hplip-dbg					install
hplip-gui					install
html2text					install
humanity-icon-theme				install
hunspell-en-ca					install
hunspell-en-us					install
hwdata						install
hwloc-nox					install
hyphen-en-us					install
ia32-libs					install
ia32-libs-multiarch:i386			install
ia32-sun-java6-bin				install
iamerican					install
ibus						install
ibus-chewing					install
ibus-gtk					install
ibus-gtk3					install
ibus-input-pad					install
ibus-pinyin					install
ibus-pinyin-db-android				install
ibus-qt4					install
ibus-sunpinyin					install
ibus-table					install
ibus-table-cangjie				install
ibus-table-cangjie-big				install
ibus-table-cangjie3				install
ibus-table-cangjie5				install
ibus-table-wubi					install
icc-profiles-free				install
icedtea-6-jre-cacao				install
icedtea-6-jre-jamvm				install
icedtea-6-plugin				install
icedtea-7-jre-jamvm				install
icedtea-netx					install
icedtea-plugin					install
icedtea6-plugin					install
icoutils					install
ienglish-common					install
ifupdown					install
im-config					install
im-switch					deinstall
imagemagick					install
indicator-application				install
indicator-appmenu				install
indicator-datetime				install
indicator-messages				install
indicator-multiload				install
indicator-power					install
indicator-session				install
indicator-sound					install
indicator-status-provider-mc5			install
indicator-sysmonitor				install
indicator-weather				install
info						install
info2www					install
initramfs-tools					install
initramfs-tools-bin				install
initscripts					install
inkscape					install
inputattach					install
insserv						install
install-info					install
intel-gpu-tools					install
intltool					install
intltool-debian					install
iproute						install
iptables					install
iputils-arping					install
iputils-ping					install
iputils-tracepath				install
irqbalance					install
isc-dhcp-client					install
isc-dhcp-common					install
iso-codes					install
ispell						install
jack						install
jack-tools					install
jackd						install
jackd2						install
jackd2-firewire					install
jarwrapper					install
java-common					install
java-wrappers					install
java2html					install
jockey-common					install
jockey-gtk					install
junit						install
junit4						install
kate-data					install
katepart					install
kbd						install
kchmviewer					install
kde-l10n-engb					install
kde-l10n-zhcn					install
kde-l10n-zhtw					install
kde-runtime					install
kde-runtime-data				install
kdebase-runtime					install
kdelibs-bin					install
kdelibs5-data					install
kdelibs5-plugins				install
kdoctools					install
kerneloops-daemon				install
keyboard-configuration				install
kigo						install
kile						install
klibc-utils					install
kmplot						install
ko.tex-extra-hlfont				install
konsole						install
ksysguard					install
ksysguardd					install
kubuntu-debug-installer				install
kuipc						install
kxterm						install
lacheck						install
language-pack-en				install
language-pack-en-base				install
language-pack-gnome-en				install
language-pack-gnome-en-base			install
language-pack-gnome-zh-hans			install
language-pack-gnome-zh-hans-base		install
language-pack-gnome-zh-hant			install
language-pack-gnome-zh-hant-base		install
language-pack-kde-en				install
language-pack-kde-en-base			install
language-pack-kde-zh-hans			install
language-pack-kde-zh-hans-base			install
language-pack-kde-zh-hant			install
language-pack-kde-zh-hant-base			install
language-pack-zh-hans				install
language-pack-zh-hans-base			install
language-pack-zh-hant				install
language-pack-zh-hant-base			install
language-selector-common			install
language-selector-gnome				install
laptop-detect					install
latex-beamer					install
latex-cjk-all					install
latex-cjk-chinese				install
latex-cjk-chinese-arphic-bkai00mp		install
latex-cjk-chinese-arphic-bsmi00lp		install
latex-cjk-chinese-arphic-gbsn00lp		install
latex-cjk-chinese-arphic-gkai00mp		install
latex-cjk-common				install
latex-cjk-japanese				install
latex-cjk-japanese-wadalab			install
latex-cjk-korean				install
latex-cjk-thai					install
latex-cjk-xcjk					install
latex-sanskrit					install
latex-xcolor					install
latex2html					install
latexdraw					install
latexmk						install
launchpad-integration				install
lbdb						install
lcdf-typetools					install
ledit						install
less						install
lesstif2					install
lesstif2-dev					install
lftp						install
lib32asound2					install
lib32bz2-1.0					install
lib32ffi6					install
lib32gcc1					install
lib32ncurses5					install
lib32ncursesw5					install
lib32nss-mdns					install
lib32stdc++6					install
lib32tinfo5					install
lib32z1						install
liba52-0.7.4					install
libaa1						install
libaccess-bridge-java				install
libaccess-bridge-java-jni			install
libaccountsservice0				install
libacl1						install
libacl1:i386					install
libalglib-2.6.0					install
libalgorithm-diff-perl				install
libalgorithm-diff-xs-perl			install
libalgorithm-merge-perl				install
libamd2.2.0					install
libanthy0					install
libao-common					install
libao4						install
libappindicator0.1-cil				install
libappindicator1				install
libappindicator3-1				install
libapr1						install
libaprutil1					install
libaprutil1-dbd-sqlite3				install
libaprutil1-ldap				install
libapt-inst1.3					install
libapt-pkg-perl					install
libapt-pkg4.11					install
libarchive1					install
libarpack++2-dev				install
libarpack++2c2a					install
libarpack2					install
libarpack2-dbg					install
libarpack2-dev					install
libart-2.0-2					install
libasm3-java					install
libasound2					install
libasound2:i386					deinstall
libasound2-plugins				install
libaspell15					install
libass4						install
libasyncns0					install
libasyncns0:i386				deinstall
libatasmart4					install
libatk-adaptor					install
libatk1.0-0					install
libatk1.0-0:i386				deinstall
libatk1.0-data					install
libatk1.0-dev					install
libatk1.0-doc					install
libatkmm-1.6-1					install
libatlas-base-dev				install
libatlas-dev					install
libatlas-doc					install
libatlas-test					install
libatlas3gf-base				install
libatspi2.0-0					install
libattica0					install
libattr1					install
libattr1:i386					install
libaudclient2					install
libaudcore1					install
libaudio2					install
libaudio2:i386					install
libaudiofile0					install
libauthen-sasl-perl				install
libavahi-client-dev				install
libavahi-client3				install
libavahi-client3:i386				install
libavahi-common-data				install
libavahi-common-data:i386			install
libavahi-common-dev				install
libavahi-common3				install
libavahi-common3:i386				install
libavahi-core7					install
libavahi-glib1					install
libavahi-gobject0				install
libavahi-ui-gtk3-0				install
libavahi-ui0					install
libavc1394-0					install
libavcodec53					install
libavdevice53					install
libavfilter2					install
libavformat53					install
libavutil51					install
libawn1						deinstall
libbabl-0.0-0					install
libbamf0					install
libbamf3-0					install
libbind9-60					install
libbinio1ldbl					install
libblacs-mpi-dev				install
libblacs-mpi1					install
libblas-dev					install
libblas-doc					install
libblas-test					install
libblas3gf					install
libblkid1					install
libbluetooth3					install
libbonobo2-0					install
libbonobo2-common				install
libbonoboui2-0					install
libbonoboui2-common				install
libboost-all-dev				install
libboost-date-time-dev				install
libboost-date-time1.46-dev			install
libboost-date-time1.46.1			install
libboost-dbg					install
libboost-dev					install
libboost-filesystem-dev				install
libboost-filesystem1.46-dev			install
libboost-filesystem1.46.1			install
libboost-graph-dev				install
libboost-graph-parallel-dev			install
libboost-graph-parallel1.46-dev			install
libboost-graph-parallel1.46.1			install
libboost-graph1.46-dev				install
libboost-graph1.46.1				install
libboost-iostreams-dev				install
libboost-iostreams1.46-dev			install
libboost-iostreams1.46.1			install
libboost-math-dev				install
libboost-math1.46-dev				install
libboost-math1.46.1				install
libboost-mpi-dev				install
libboost-mpi-python-dev				install
libboost-mpi-python1.46-dev			install
libboost-mpi-python1.46.1			install
libboost-mpi1.46-dev				install
libboost-mpi1.46.1				install
libboost-program-options-dev			install
libboost-program-options1.46-dev		install
libboost-program-options1.46.1			install
libboost-python-dev				install
libboost-python1.46-dev				install
libboost-python1.46.1				install
libboost-random-dev				install
libboost-random1.46-dev				install
libboost-random1.46.1				install
libboost-regex-dev				install
libboost-regex1.46-dev				install
libboost-regex1.46.1				install
libboost-serialization-dev			install
libboost-serialization1.46-dev			install
libboost-serialization1.46.1			install
libboost-signals-dev				install
libboost-signals1.46-dev			install
libboost-signals1.46.1				install
libboost-system-dev				install
libboost-system1.46-dev				install
libboost-system1.46.1				install
libboost-test-dev				install
libboost-test1.46-dev				install
libboost-test1.46.1				install
libboost-thread-dev				install
libboost-thread1.46-dev				install
libboost-thread1.46.1				install
libboost-wave-dev				install
libboost-wave1.46-dev				install
libboost-wave1.46.1				install
libboost1.46-all-dev				install
libboost1.46-dbg				install
libboost1.46-dev				install
libbrasero-media3-1				install
libbrlapi0.5					install
libbsd0						install
libburn4					install
libbz2-1.0					install
libbz2-dev					install
libc-bin					install
libc-dev-bin					install
libc6						install
libc6:i386					install
libc6-dev					install
libc6-i386					install
libcaca0					install
libcairo-gobject2				install
libcairo-perl					install
libcairo-script-interpreter2			install
libcairo2					install
libcairo2:i386					deinstall
libcairo2-dev					install
libcairomm-1.0-1				install
libcamel-1.2-29					install
libcanberra-gtk-module				install
libcanberra-gtk0				install
libcanberra-gtk3-0				install
libcanberra-gtk3-module				install
libcanberra-pulse				install
libcanberra0					install
libcap-ng0					install
libcap2						install
libcap2-bin					install
libcaribou0					install
libccolamd2.7.1					install
libcdaudio1					install
libcddb2					install
libcdio-cdda0					install
libcdio-paranoia0				install
libcdio10					install
libcdparanoia0					install
libcdt4						install
libcelt0-0					install
libchewing3					install
libchewing3-data				install
libchm1						install
libcholmod1.7.1					install
libck-connector0				install
libclass-accessor-perl				install
libclass-isa-perl				install
libclucene0ldbl					install
libclutter-1.0-0				install
libclutter-1.0-common				install
libcmdparse2-ruby1.8				install
libcminpack-dev					install
libcminpack1.0.90				install
libcodeblocks0					install
libcogl-common					install
libcogl5					install
libcojets2-dev					install
libcojets2-gfortran				install
libcolamd2.7.1					install
libcolord1					install
libcomerr2					install
libcomerr2:i386					install
libcommon-sense-perl				install
libcommons-beanutils-java			install
libcommons-codec-java				install
libcommons-collections3-java			install
libcommons-compress-java			install
libcommons-dbcp-java				install
libcommons-digester-java			install
libcommons-el-java				install
libcommons-httpclient-java			install
libcommons-logging-java				install
libcommons-pool-java				install
libcompizconfig0				install
libconfig++8					install
libcr-dev					install
libcr0						install
libcroco3					install
libcrypt-passwdmd5-perl				install
libcsiro0					install
libctl-dev					install
libctl-doc					install
libctl3						install
libcue1						install
libcups2					install
libcups2:i386					install
libcupscgi1					install
libcupsdriver1					install
libcupsimage2					install
libcupsimage2:i386				install
libcupsmime1					install
libcupsppdc1					install
libcurl3					install
libcurl3:i386					install
libcurl3-gnutls					install
libcxsparse2.2.3				install
libdaemon0					install
libdaemons-ruby1.8				install
libdatrie1					install
libdatrie1:i386					deinstall
libdb-java					install
libdb-je-java					install
libdb4.8					install
libdb5.1					install
libdb5.1:i386					install
libdb5.1-java					install
libdb5.1-java-gcj				install
libdbd-sqlite3-perl				install
libdbi-perl					install
libdbus-1-3					install
libdbus-1-3:i386				install
libdbus-1-dev					install
libdbus-glib-1-2				install
libdbus-glib1.0-cil				install
libdbus1.0-cil					install
libdbusmenu-glib4				install
libdbusmenu-gtk3-4				install
libdbusmenu-gtk4				install
libdbusmenu-qt2					install
libdc1394-22					install
libdca0						install
libdconf-dbus-1-0				install
libdconf-qt0					install
libdconf0					install
libdebconf-kde0					install
libdecoration0					install
libdee-1.0-1					install
libdesktop-agnostic0				deinstall
libdevhelp-3-0					install
libdevmapper-event1.02.1			install
libdevmapper1.02.1				install
libdigest-hmac-perl				install
libdirac-encoder0				install
libdirectfb-1.2-9				install
libdjvulibre-text				install
libdjvulibre21					install
libdlrestrictions1				install
libdmapsharing-3.0-2				install
libdns69					install
libdotconf1.0					install
libdpkg-perl					install
libdrm-dev					install
libdrm-intel1					install
libdrm-intel1:i386				install
libdrm-nouveau1a				install
libdrm-nouveau1a:i386				install
libdrm-radeon1					install
libdrm-radeon1:i386				install
libdrm2						install
libdrm2:i386					install
libdv4						install
libdvbpsi7					install
libdvdnav4					install
libdvdread4					install
libebackend-1.2-1				install
libebml3					install
libebook1.2-12					install
libecal1.2-10					install
libecj-java					install
libedata-book-1.2-11				install
libedata-cal-1.2-13				install
libedataserver1.2-15				install
libedataserverui-3.0-1				install
libedit2					install
libegl1-mesa					install
libegl1-mesa-drivers				install
libelemental0					install
libelf1						install
libemail-valid-perl				install
libenca0					install
libenchant1c2a					install
libencode-locale-perl				install
libept1						install
libepub0					install
libequinox-osgi-java				install
liberror-perl					install
libesd0						install
libespeak1					install
libestools2.1					install
libeurodec1-dev					install
libeurodec1-gfortran				install
libevemu1					install
libevent-2.0-5					install
libevince3-3					install
libexempi3					install
libexif-dev					install
libexif12					install
libexiv2-10					install
libexo-1-0					install
libexo-1-0-dbg					install
libexo-common					install
libexo-helpers					install
libexpat1					install
libexpat1:i386					install
libexpat1-dev					install
libexporter-lite-perl				install
libfaad2					install
libffado2					install
libffi6						install
libffi6:i386					install
libfftw3-3					install
libfftw3-3:i386					deinstall
libfftw3-dev					install
libfftw3-doc					install
libfile-basedir-perl				install
libfile-copy-recursive-perl			install
libfile-desktopentry-perl			install
libfile-listing-perl				install
libfile-mimeinfo-perl				install
libfile-ncopy-perl				install
libflac++6					install
libflac8					install
libflac8:i386					deinstall
libflite1					install
libfltk1.1					install
libfluidsynth1					install
libfolks-telepathy25				install
libfolks25					install
libfont-afm-perl				install
libfontconfig1					install
libfontconfig1:i386				install
libfontconfig1-dev				install
libfontenc1					install
libframe1					install
libfreerdp-plugins-standard			install
libfreerdp0					install
libfreetype6					install
libfreetype6:i386				install
libfreetype6-dev				install
libfribidi0					install
libfs6						install
libfuse2					install
libgail-3-0					install
libgail-3-common				install
libgail-common					install
libgail18					install
libgamin0					install
libgarcon-1-0					install
libgarcon-1-0-dbg				install
libgarcon-common				install
libgbm1						install
libgc1c2					install
libgcc1						install
libgcc1:i386					install
libgcj-bc					install
libgcj-common					install
libgcj12					install
libgck-1-0					install
libgconf2-4					install
libgconf2.0-cil					install
libgcr-3-1					install
libgcroots0					install
libgcrypt11					install
libgcrypt11:i386				install
libgd2-xpm					install
libgdata-common					install
libgdata1.7-cil					install
libgdata13					install
libgdbm3					install
libgdbm3:i386					install
libgdiplus					install
libgdk-pixbuf2.0-0				install
libgdk-pixbuf2.0-0:i386				deinstall
libgdk-pixbuf2.0-dev				install
libgdu-gtk0					install
libgdu0						install
libgeant321-2-dev				install
libgeant321-2-gfortran				install
libgee2						install
libgegl-0.0-0					install
libgeis1					install
libgeoclue0					install
libgeoip1					install
libgeomview-1.9.4				install
libgeomview-dev					install
libgexiv2-0					install
libgfortran3					install
libgif4						install
libgimp2.0					install
libgirepository-1.0-1				install
libgjs0c					install
libgkeyfile1.0-cil				install
libgksu2-0					install
libgl1-mesa-dev					install
libgl1-mesa-dri					install
libgl1-mesa-dri:i386				install
libgl1-mesa-glx					install
libgl1-mesa-glx:i386				install
libgl2ps0					install
libglade2-0					install
libglade2.0-cil					install
libglademm-2.4-1c2a				install
libgladeui-1-11					install
libgladeui-2-0					install
libgladeui-common				install
libglapi-mesa					install
libglapi-mesa:i386				install
libgle3						install
libgles2-mesa					install
libglew1.5					install
libglewmx1.5					install
libglib-perl					install
libglib2.0-0					install
libglib2.0-0:i386				install
libglib2.0-bin					install
libglib2.0-cil					install
libglib2.0-data					install
libglib2.0-dev					install
libglib2.0-doc					install
libglibmm-2.4-1c2a				install
libglpk0					install
libglu1-mesa					install
libglu1-mesa-dev				install
libgme0						install
libgmime-2.4-2					install
libgmime2.4-cil					install
libgmp-dev					install
libgmp10					install
libgmpxx4ldbl					install
libgnat-4.4					install
libgnome-bluetooth8				install
libgnome-control-center1			install
libgnome-desktop-3-2				install
libgnome-keyring0				install
libgnome-media-profiles-3.0-0			install
libgnome-menu-3-0				install
libgnome-menu2					install
libgnome2-0					install
libgnome2-common				install
libgnomecanvas2-0				install
libgnomecanvas2-common				install
libgnomekbd-common				install
libgnomekbd7					install
libgnomeui-0					install
libgnomeui-common				install
libgnomevfs2-0					install
libgnomevfs2-common				install
libgnutls26					install
libgnutls26:i386				install
libgoa-1.0-0					install
libgomp1					install
libgpg-error0					install
libgpg-error0:i386				install
libgpgme11					install
libgphoto2-2					install
libgphoto2-2-dev				install
libgphoto2-l10n					install
libgphoto2-port0				install
libgpm2						install
libgpod-common					install
libgpod-dev					install
libgpod4					install
libgraflib1-dev					install
libgraflib1-gfortran				install
libgrafx11-1-dev				install
libgrafx11-1-gfortran				install
libgrail1					install
libgraph4					install
libgraphicsmagick++3				install
libgraphicsmagick3				install
libgrip0					install
libgrits0					deinstall
libgs9						install
libgs9-common					install
libgsl0-dbg					install
libgsl0-dev					install
libgsl0ldbl					install
libgsm1						install
libgssapi-krb5-2				install
libgssapi-krb5-2:i386				install
libgssdp-1.0-2					install
libgstfarsight0.10-0				install
libgstreamer-plugins-base0.10-0			install
libgstreamer0.10-0				install
libgtk-3-0					install
libgtk-3-bin					install
libgtk-3-common					install
libgtk-3-dev					install
libgtk-3-doc					install
libgtk-sharp-beans-cil				install
libgtk-vnc-2.0-0				install
libgtk2-perl					install
libgtk2.0-0					install
libgtk2.0-0:i386				deinstall
libgtk2.0-bin					install
libgtk2.0-cil					install
libgtk2.0-common				install
libgtk2.0-dev					install
libgtkglext1					install
libgtkmm-2.4-1c2a				install
libgtkmm-3.0-1					install
libgtksourceview-3.0-0				install
libgtksourceview-3.0-common			install
libgtksourceview2.0-0				install
libgtksourceview2.0-common			install
libgtkspell0					install
libgtkspell3-0					install
libgtop2-7					install
libgtop2-common					install
libgucharmap-2-90-7				install
libgucharmap7					install
libgudev-1.0-0					install
libgudev1.0-cil					install
libgupnp-1.0-3					install
libgupnp-igd-1.0-3				install
libgutenprint2					install
libgvc5						install
libgvnc-1.0-0					install
libgweather-3-0					install
libgweather-common				install
libgwibber-gtk2					install
libgwibber2					install
libhal-storage1					install
libhal1						install
libhamcrest-java				install
libhdf4-0					install
libhdf5-serial-1.8.4				install
libherwig59-2-dev				install
libherwig59-2-gfortran				install
libhpmud-dev					install
libhpmud0					install
libhtml-form-perl				install
libhtml-format-perl				install
libhtml-parser-perl				install
libhtml-tagset-perl				install
libhtml-tree-perl				install
libhttp-cookies-perl				install
libhttp-daemon-perl				install
libhttp-date-perl				install
libhttp-message-perl				install
libhttp-negotiate-perl				install
libhunspell-1.2-0				install
libhwloc3					install
libhyphen0					install
libibus-1.0-0					install
libibus-1.0-dev					install
libibus-qt-dev					install
libibus-qt1					install
libibverbs-dev					install
libibverbs1					install
libical0					install
libice-dev					install
libice6						install
libice6:i386					install
libicu-dev					install
libicu44					install
libicu4j-4.4-java				install
libicu4j-java					install
libid3tag0					install
libidl0						install
libidn11					install
libidn11:i386					install
libido3-0.1-0					install
libiec61883-0					install
libieee1284-3					install
libieee1284-3-dev				install
libijs-0.35					install
libilmbase6					install
libimobiledevice2				install
libindicate-gtk3				install
libindicate5					install
libindicator-messages-status-provider1		install
libindicator3-6					install
libindicator6					install
libinput-pad1					install
libio-pty-perl					install
libio-socket-ssl-perl				install
libio-string-perl				install
libio-stringy-perl				install
libiodbc2					install
libipc-run-perl					install
libisajet758-3-dev				install
libisajet758-3-gfortran				install
libisc62					install
libisccc60					install
libisccfg62					install
libiso9660-7					install
libisofs6					install
libiw30						install
libjack-jackd2-0				install
libjack-jackd2-0:i386				deinstall
libjasper-java					install
libjasper1					install
libjasper1:i386					deinstall
libjaxp1.3-java					install
libjbig2dec0					install
libjetty-java					install
libjiu-java					install
libjlibeps-java					install
libjline-java					install
libjpeg-progs					install
libjpeg62					install
libjpeg62:i386					install
libjpeg62-dev					install
libjpeg8					install
libjs-jquery					install
libjsch-java					install
libjson-glib-1.0-0				install
libjson-perl					install
libjson-xs-perl					install
libjson0					install
libjson0:i386					deinstall
libjte1						install
libjtidy-java					install
libk5crypto3					install
libk5crypto3:i386				install
libkate1					install
libkatepartinterfaces4				install
libkcmutils4					install
libkde3support4					install
libkdecore5					install
libkdegames5a					install
libkdesu5					install
libkdeui5					install
libkdewebkit5					install
libkdnssd4					install
libkemoticons4					install
libkernlib1-dev					install
libkernlib1-gfortran				install
libkeybinder0					install
libkeyutils1					install
libkeyutils1:i386				install
libkfile4					install
libkhtml5					install
libkidletime4					install
libkio5						install
libkipi-data					install
libkipi8					install
libkjsapi4					install
libkjsembed4					install
libklibc					install
libkmediaplayer4				install
libkms1						install
libknewstuff3-4					install
libknotifyconfig4				install
libkntlm4					install
libkonq-common					install
libkonq5-templates				install
libkonq5abi1					install
libkparts4					install
libkpathsea5					install
libkpty4					install
libkrb5-3					install
libkrb5-3:i386					install
libkrb5support0					install
libkrb5support0:i386				install
libkrosscore4					install
libksgrd4					install
libksignalplotter4				install
libktexteditor4					install
liblapack-dev					install
liblapack-doc					install
liblapack3gf					install
liblaunchpad-integration-3.0-1			install
liblaunchpad-integration-common			install
liblaunchpad-integration1			install
liblaunchpad-integration1.0-cil			install
liblcms1					install
liblcms1:i386					install
liblcms2-2					install
libldap-2.4-2					install
libldap-2.4-2:i386				install
liblightdm-gobject-1-0				install
liblircclient0					install
libllvm2.9					install
libllvm2.9:i386					install
liblocale-gettext-perl				install
liblockfile1					install
liblog4r-ruby1.8				install
liblouis-data					install
liblouis2					install
liblqr-1-0					install
libltdl-dev					install
libltdl7					install
liblua5.1-0					install
liblua50					install
liblualib50					install
liblucene2-java					install
liblvm2app2.2					install
liblwp-mediatypes-perl				install
liblwp-protocol-https-perl			install
liblwres60					install
liblzma2					install
libm17n-0					install
libmad0						install
libmad0-dev					install
libmagic1					install
libmagick++3					install
libmagickcore3					install
libmagickcore3-extra				install
libmagickwand3					install
libmail-sendmail-perl				install
libmailtools-perl				install
libmatheval1					install
libmathlib2-dev					install
libmathlib2-gfortran				install
libmatroska4					install
libmcs1						install
libmeanwhile1					install
libmetacity-private0				install
libmgl-data					install
libmgl-dev					install
libmgl5						install
libmhash2					install
libmime-types-perl				install
libmimic0					install
libming1					install
libminiupnpc5					install
libminpack1					install
libmission-control-plugins0			install
libmmap-ruby1.8					install
libmms0						install
libmng1						install
libmng1:i386					install
libmodplug1					install
libmono-addins-gui0.2-cil			install
libmono-addins0.2-cil				install
libmono-cairo4.0-cil				install
libmono-corlib4.0-cil				install
libmono-csharp4.0-cil				install
libmono-i18n-west4.0-cil			install
libmono-i18n4.0-cil				install
libmono-posix4.0-cil				install
libmono-security4.0-cil				install
libmono-sharpzip4.84-cil			install
libmono-system-configuration4.0-cil		install
libmono-system-core4.0-cil			install
libmono-system-drawing4.0-cil			install
libmono-system-security4.0-cil			install
libmono-system-xml4.0-cil			install
libmono-system4.0-cil				install
libmono-zeroconf1.0-cil				install
libmount1					install
libmowgli2					install
libmozjs185-1.0					install
libmp3lame0					install
libmpc2						install
libmpcdec6					install
libmpeg2-4					install
libmpfr4					install
libmpich1.0gf					install
libmpich2-3					install
libmpich2-dev					install
libmtdev1					install
libmtp-common					install
libmtp-runtime					install
libmtp9						install
libmuparser0debian1				install
libmusicbrainz4c2a				install
libmutter0					install
libmysqlclient16				install
libmythes-1.2-0					install
libnatpmp1					install
libnautilus-extension-dev			install
libnautilus-extension1				install
libncurses-ruby1.8				install
libncurses5					install
libncurses5-dev					install
libncursesw5					install
libneon27-gnutls				install
libnepomuk4					install
libnepomukquery4a				install
libnepomukutils4				install
libnet-daemon-perl				install
libnet-dns-perl					install
libnet-domain-tld-perl				install
libnet-http-perl				install
libnet-ip-perl					install
libnet-smtp-ssl-perl				install
libnet-ssleay-perl				install
libnetcdf6					install
libnetpbm10					install
libnewt0.52					install
libnfnetlink0					install
libnice10					install
libnih-dbus1					install
libnih1						install
libnl3						install
libnm-glib-vpn1					install
libnm-glib4					install
libnm-gtk-common				install
libnm-gtk0					install
libnm-util2					install
libnotify-bin					install
libnotify0.4-cil				install
libnotify4					install
libnspr4					install
libnspr4:i386					install
libnspr4-0d					install
libnss-mdns					install
libnss3						install
libnss3:i386					install
libnss3-1d					install
libntrack-qt4-1					install
libntrack0					install
libnuma1					install
libnux-1.0-0					install
libnux-1.0-common				install
liboauth0					install
libofa0						install
libogg0						install
libogg0:i386					deinstall
liboil0.3					install
libokularcore1					install
libopenal1					install
libopencc1					install
libopencore-amrnb0				install
libopencore-amrwb0				install
libopenexr6					install
libopenmpi-dev					install
libopenmpi1.3					install
libopenobex1					install
libopenvg1-mesa					install
libopts25					install
liborbit2					install
liborc-0.4-0					install
libotf0						install
liboverlay-scrollbar-0.2-0			install
liboverlay-scrollbar3-0.2-0			install
libp11-kit0					install
libpacklib-lesstif1-dev				install
libpacklib-lesstif1-gfortran			install
libpacklib1-dev					install
libpacklib1-gfortran				install
libpalm-perl					install
libpam-ck-connector				install
libpam-gnome-keyring				install
libpam-modules					install
libpam-modules-bin				install
libpam-runtime					install
libpam0g					install
libpanel-applet-4-0				install
libpango-perl					install
libpango1.0-0					install
libpango1.0-0:i386				deinstall
libpango1.0-dev					install
libpango1.0-doc					install
libpangomm-1.4-1				install
libpaper-utils					install
libpaper1					install
libparse-debcontrol-perl			install
libparse-debianchangelog-perl			install
libparted0debian1				install
libpath-class-perl				install
libpathplan4					install
libpawlib-lesstif3-dev				install
libpawlib-lesstif3-gfortran			install
libpawlib2-dev					install
libpawlib2-gfortran				install
libpcap0.8					install
libpci3						install
libpciaccess0					install
libpciaccess0:i386				install
libpcre3					install
libpcre3:i386					install
libpcre3-dev					install
libpcrecpp0					install
libpcsclite1					install
libpdflib804-2-dev				install
libpdflib804-2-gfortran				install
libpeas-1.0-0					install
libpeas-common					install
libperl-dev					install
libperl5.12					install
libphonon4					install
libphotos202-1-gfortran				install
libphotos202-dev				install
libphtools2-dev					install
libphtools2-gfortran				install
libpipeline1					install
libpixman-1-0					install
libpixman-1-0:i386				deinstall
libpixman-1-dev					install
libplasma3					install
libplist1					install
libplplot-ada					install
libplplot-c++9c2				install
libplplot-dev					install
libplplot-fortran9				install
libplplot9					install
libplrpc-perl					install
libplymouth2					install
libpng12-0					install
libpng12-0:i386					install
libpng12-dev					install
libpod-plainer-perl				install
libpolkit-agent-1-0				install
libpolkit-backend-1-0				install
libpolkit-gobject-1-0				install
libpolkit-qt-1-1				install
libpoppler-glib6				install
libpoppler-qt4-3				deinstall
libpoppler13					install
libpopt0					install
libportaudio2					install
libportsmf0					install
libpostproc52					install
libprocesscore4abi1				install
libprocessui4a					install
libprotobuf7					install
libprotoc7					install
libproxy0					install
libpth20					install
libpthread-stubs0				install
libpthread-stubs0-dev				install
libpulse-mainloop-glib0				install
libpulse0					install
libpulse0:i386					deinstall
libpurple-bin					install
libpurple0					install
libpython2.7					install
libpython3.2					install
libqapt-runtime					install
libqapt1					install
libqca2						install
libqhull-dev					install
libqhull5					install
libqimageblitz4					deinstall
libqrupdate1					install
libqt3-mt					install
libqt4-dbus					install
libqt4-dbus:i386				install
libqt4-declarative				install
libqt4-declarative:i386				install
libqt4-declarative-gestures			install
libqt4-declarative-particles			install
libqt4-declarative-shaders			install
libqt4-designer					install
libqt4-designer:i386				install
libqt4-dev					install
libqt4-help					install
libqt4-network					install
libqt4-network:i386				install
libqt4-opengl					install
libqt4-opengl:i386				install
libqt4-opengl-dev				install
libqt4-qt3support				install
libqt4-qt3support:i386				install
libqt4-script					install
libqt4-script:i386				install
libqt4-scripttools				install
libqt4-scripttools:i386				install
libqt4-sql					install
libqt4-sql:i386					install
libqt4-sql-mysql				install
libqt4-sql-sqlite				install
libqt4-svg					install
libqt4-svg:i386					install
libqt4-test					install
libqt4-test:i386				install
libqt4-xml					install
libqt4-xml:i386					install
libqt4-xmlpatterns				install
libqt4-xmlpatterns:i386				install
libqtassistantclient4				install
libqtbamf1					install
libqtcore4					install
libqtcore4:i386					install
libqtdee2					install
libqtexengine1					install
libqtgconf1					install
libqtgui4					install
libqtgui4:i386					install
libqtscript4-core				install
libqtscript4-doc				install
libqtscript4-gui				install
libqtscript4-network				install
libqtscript4-opengl				install
libqtscript4-phonon				install
libqtscript4-sql				install
libqtscript4-svg				install
libqtscript4-uitools				install
libqtscript4-webkit				install
libqtscript4-xml				install
libqtscript4-xmlpatterns			install
libqtwebkit-dev					install
libqtwebkit4					install
libquadmath0					install
libquvi0					install
libraptor2-0					install
librarian0					install
librasqal3					install
libraw1394-11					install
librdf0						install
libreadline-dev					install
libreadline5					install
libreadline6					install
libreadline6-dev				install
libregexp-java					install
libreoffice-base-core				install
libreoffice-calc				install
libreoffice-common				install
libreoffice-core				install
libreoffice-draw				install
libreoffice-emailmerge				install
libreoffice-gnome				install
libreoffice-gtk					install
libreoffice-help-en-gb				install
libreoffice-help-en-us				install
libreoffice-help-zh-cn				install
libreoffice-help-zh-tw				install
libreoffice-impress				install
libreoffice-l10n-common				install
libreoffice-l10n-en-gb				install
libreoffice-l10n-en-za				install
libreoffice-l10n-zh-cn				install
libreoffice-l10n-zh-tw				install
libreoffice-math				install
libreoffice-style-human				install
libreoffice-writer				install
libresample1					install
libresample1-dev				install
libresid-builder0c2a				install
librest-0.7-0					install
librhythmbox-core4				install
librsl1						deinstall
librsvg2-2					install
librsvg2-common					install
librsync1					install
librtmp0					install
librtmp0:i386					install
libruby-extras					install
libruby1.8					install
libruby1.8-extras				install
libruby1.9.1					install
libsamplerate0					install
libsamplerate0:i386				install
libsamplerate0-dev				install
libsamplerate0-dev:i386				install
libsane						install
libsane-dev					install
libsane-hpaio					install
libsasl2-2					install
libsasl2-2:i386					install
libsasl2-modules				install
libsasl2-modules:i386				install
libsc-data					install
libsc-dev					install
libsc7						install
libscalapack-mpi-dev				install
libscalapack-mpi1				install
libschroedinger-1.0-0				install
libscim8c2a					install
libsctp1					install
libsdl-image1.2					install
libsdl1.2debian					install
libsdl1.2debian-pulseaudio			install
libseed-gtk3-0					install
libselinux1					install
libselinux1:i386				install
libsensors4					install
libsensors4-dev					install
libservlet2.4-java				install
libservlet2.5-java				install
libservlet3.0-java				install
libsgutils2-2					install
libshout3					install
libsidplay1					install
libsidplay2					install
libsigc++-2.0-0c2a				install
libsigsegv2					install
libslang2					install
libslf4j-java					install
libslp1						install
libslv2-9					install
libsm-dev					install
libsm6						install
libsm6:i386					install
libsmbclient					install
libsndfile1					install
libsndfile1:i386				deinstall
libsnmp-base					install
libsnmp-dev					install
libsnmp-perl					install
libsnmp15					install
libsolid4					install
libsoprano4					install
libsoundtouch0					install
libsoup-gnome2.4-1				install
libsoup2.4-1					install
libspectre1					install
libspeechd2					install
libspeex1					install
libspeexdsp1					install
libspeexdsp1:i386				deinstall
libsqlite3-0					install
libsqlite3-0:i386				install
libss2						install
libssh-4					install
libssl-dev					install
libssl-doc					install
libssl0.9.8					install
libssl1.0.0					install
libssl1.0.0:i386				install
libstartup-notification0			install
libstdc++6					install
libstdc++6:i386					install
libstdc++6-4.6-dev				install
libstreamanalyzer0				install
libstreams0					install
libsub-name-perl				install
libsunpinyin3					install
libsvga1					install
libsvn-perl					install
libsvn1						install
libswitch-perl					install
libswscale2					install
libsyncdaemon-1.0-1				install
libsys-hostname-long-perl			install
libsysfs2					install
libt1-5						install
libtag1-vanilla					install
libtag1c2a					install
libtagc0					install
libtaglib2.0-cil				install
libtalloc2					install
libtamuanova-0.2				install
libtar0						install
libtasn1-3					install
libtasn1-3:i386					install
libtdb1						install
libtelepathy-farsight0				install
libtelepathy-glib0				install
libtelepathy-logger2				install
libterm-readkey-perl				install
libtext-charwidth-perl				install
libtext-iconv-perl				install
libtext-vimcolor-perl				install
libtext-wrapi18n-perl				install
libtextcat-data					install
libtextcat0					install
libthai-data					install
libthai0					install
libthai0:i386					deinstall
libtheora0					install
libthreadweaver4				install
libthunar-vfs-1-2				install
libthunar-vfs-1-common				install
libthunarx-2-0					install
libtie-ixhash-perl				install
libtiff4					install
libtiff4:i386					install
libtiff4-dev					install
libtiffxx0c2					install
libtimedate-perl				install
libtinfo-dev					install
libtinfo5					install
libtokyocabinet8				install
libtomcat7-java					install
libtool						install
libtorque2					install
libtotem-plparser17				install
libtotem0					install
libts-0.0-0					install
libtumbler-1-0					install
libtwolame0					install
libubuntuone-1.0-1				install
libubuntuone1.0-cil				install
libudev0					install
libuim-data					install
libuim6						install
libumfpack5.4.0					install
libunique-1.0-0					install
libunique-3.0-0					install
libunistring0					install
libunity-2d-private0				install
libunity-core-4.0-4				install
libunity-misc4					install
libunity6					install
libupnp3					install
libupower-glib1					install
liburi-perl					install
liburiparser1					install
libusb-0.1-4					install
libusb-1.0-0					install
libusb-1.0-0-dev				install
libusb-dev					install
libusbmuxd1					install
libutempter0					install
libutouch-evemu1				install
libutouch-frame1				install
libutouch-geis1					install
libutouch-grail1				install
libuuid-perl					install
libuuid1					install
libuuid1:i386					install
libv4l-0					install
libv4l-dev					install
libva-x11-1					install
libva1						install
libvamp-hostsdk3				install
libvcdinfo0					install
libvdpau1					install
libvformat0					install
libvirtodbc0					install
libvisual-0.4-0					install
libvisual-0.4-plugins				install
libvlc5						install
libvlccore4					install
libvorbis0a					install
libvorbis0a:i386				deinstall
libvorbisenc2					install
libvorbisenc2:i386				deinstall
libvorbisfile3					install
libvpx0						install
libvte-2.90-9					install
libvte-common					install
libvte9						install
libwavpack1					install
libwayland0					install
libwbclient0					install
libwebkitgtk-1.0-0				install
libwebkitgtk-1.0-common				install
libwebkitgtk-3.0-0				install
libwebkitgtk-3.0-common				install
libwildmidi1					install
libwmf-bin					install
libwmf0.2-7					install
libwmf0.2-7-gtk					install
libwnck-3-0					install
libwnck-3-common				install
libwnck-common					install
libwnck22					install
libwpd-0.9-9					install
libwpg-0.2-2					install
libwps-0.2-2					install
libwrap0					install
libwrap0:i386					deinstall
libwrap0-dev					install
libwww-perl					install
libwww-robotrules-perl				install
libwxbase2.8-0					install
libwxgtk2.8-0					install
libx11-6					install
libx11-6:i386					install
libx11-data					install
libx11-dev					install
libx11-xcb1					install
libx264-116					install
libx86-1					install
libxapian22					install
libxau-dev					install
libxau6						install
libxau6:i386					install
libxaw7						install
libxaw7-dev					install
libxbae-dev					install
libxbae4					install
libxcb-dri2-0					install
libxcb-keysyms1					install
libxcb-randr0					install
libxcb-render0					install
libxcb-render0:i386				deinstall
libxcb-render0-dev				install
libxcb-shape0					install
libxcb-shm0					install
libxcb-shm0:i386				deinstall
libxcb-shm0-dev					install
libxcb-util0					install
libxcb-xfixes0					install
libxcb-xv0					install
libxcb1						install
libxcb1:i386					install
libxcb1-dev					install
libxcomposite-dev				install
libxcomposite1					install
libxcomposite1:i386				deinstall
libxcursor-dev					install
libxcursor1					install
libxcursor1:i386				deinstall
libxdamage-dev					install
libxdamage1					install
libxdamage1:i386				install
libxdelta2					install
libxdmcp-dev					install
libxdmcp6					install
libxdmcp6:i386					install
libxerces2-java					install
libxext-dev					install
libxext6					install
libxext6:i386					install
libxfce4ui-1-0					install
libxfce4ui-1-dbg				install
libxfce4util-bin				install
libxfce4util-common				install
libxfce4util4					install
libxfce4util4-dbg				install
libxfcegui4-4					install
libxfconf-0-2					install
libxfconf-0-2-dbg				install
libxfixes-dev					install
libxfixes3					install
libxfixes3:i386					install
libxfont1					install
libxft-dev					install
libxft2						install
libxft2:i386					deinstall
libxi-dev					install
libxi6						install
libxi6:i386					install
libxinerama-dev					install
libxinerama1					install
libxinerama1:i386				deinstall
libxkbfile1					install
libxklavier16					install
libxml++2.6-2					install
libxml-parser-perl				install
libxml-writer-perl				install
libxml2						install
libxml2-utils					install
libxmu-dev					install
libxmu-headers					install
libxmu6						install
libxmuu1					install
libxp-dev					install
libxp6						install
libxpm-dev					install
libxpm4						install
libxrandr-dev					install
libxrandr2					install
libxrandr2:i386					deinstall
libxrender-dev					install
libxrender1					install
libxrender1:i386				install
libxres1					install
libxslt1.1					install
libxss1						install
libxss1:i386					install
libxt-dev					install
libxt6						install
libxt6:i386					install
libxtst6					install
libxv1						install
libxvidcore4					install
libxvmc1					install
libxxf86dga1					install
libxxf86vm1					install
libxxf86vm1:i386				install
libyajl1					install
libyaml-0-2					install
libyaml-tiny-perl				install
libyelp0					install
libzbar0					install
libzeitgeist-1.0-1				install
libzephyr4					install
libzip1						install
light-themes					install
lightdm						install
lilypond					install
lilypond-data					install
lilypond-doc					install
links2						install
lintian						install
linux-firmware					install
linux-generic					install
linux-headers-3.0.0-12				install
linux-headers-3.0.0-12-generic			install
linux-headers-3.0.0-17				install
linux-headers-3.0.0-17-generic			install
linux-headers-3.0.0-19				install
linux-headers-3.0.0-19-generic			install
linux-headers-3.0.0-20				install
linux-headers-3.0.0-20-generic			install
linux-headers-3.0.0-24				install
linux-headers-3.0.0-24-generic			install
linux-headers-3.0.0-26				install
linux-headers-3.0.0-26-generic			install
linux-headers-3.0.0-28				install
linux-headers-3.0.0-28-generic			install
linux-headers-generic				install
linux-image-3.0.0-12-generic			install
linux-image-3.0.0-17-generic			install
linux-image-3.0.0-19-generic			install
linux-image-3.0.0-20-generic			install
linux-image-3.0.0-24-generic			install
linux-image-3.0.0-26-generic			install
linux-image-3.0.0-28-generic			install
linux-image-generic				install
linux-libc-dev					install
linux-sound-base				install
lksctp-tools					install
lm-sensors					install
lmodern						install
locales						install
lockfile-progs					install
login						install
logrotate					install
lp-solve					install
lsb-base					install
lsb-release					install
lshw						install
lsof						install
ltrace						install
luatex						install
lynx						install
lynx-cur					install
lyx						install
lyx-common					install
lzma						install
m17n-contrib					install
m17n-db						install
m4						install
magit						install
mailman						install
make						install
makedev						install
man-db						install
manpages					install
manpages-dev					install
mathematica-fonts				install
mathtex						install
mawk						install
media-player-info				install
memtest86+					install
menu						install
mesa-common-dev					install
mesa-utils					install
mesa-utils-extra				install
metacity					install
metacity-common					install
mime-support					install
min12xxw					install
minpack-dev					install
mirage						install
mlocate						install
mobile-broadband-provider-info			install
modemmanager					install
module-assistant				install
module-init-tools				install
mono-4.0-gac					install
mono-gac					install
mono-runtime					install
montecarlo-base					install
montecarlo-data					install
mount						install
mountall					install
mountmanager					install
mousepad					install
mousetweaks					install
mozilla-plugin-vlc				install
mpb						install
mpb-doc						install
mpb-mpi						install
mpi-default-bin					install
mpi-default-dev					install
mpi-doc						install
mpich-bin					install
mpich2						install
mplayer						install
mscompress					install
mtools						install
mtr-tiny					install
multiarch-support				install
musixtex					install
mutt						install
mutt-dbg					install
mutt-patched					install
mutter-common					install
muttprint					install
muttprint-manual				install
muttprofile					install
myspell-en-au					install
myspell-en-gb					install
myspell-en-za					install
mysql-common					install
mythes-en-au					install
mythes-en-us					install
nano						install
nautilus					install
nautilus-data					install
nautilus-dropbox				install
nautilus-open-terminal				install
nautilus-sendto-empathy				install
ncurses-base					install
ncurses-bin					install
net-tools					install
netbase						install
netcat-openbsd					install
netpbm						install
network-manager					install
network-manager-gnome				install
network-manager-pptp				install
network-manager-pptp-gnome			install
nfoview						install
notify-osd					install
notify-osd-icons				install
ntfs-3g						install
ntp						install
ntpdate						install
ntrack-module-libnl-0				install
nux-tools					install
nvidia-common					install
nypatchy					install
obex-data-server				install
obexd-client					install
ocaml-base-nox					install
octave3.2					install
octave3.2-common				install
octave3.2-dbg					install
odbcinst					install
odbcinst1debian2				install
okular-extra-backends				install
onboard						install
oneconf						install
open-vm-source					install
open-vm-tools					install
open-vm-tools-dbg				install
openbsd-inetd					install
openjdk-6-jdk					install
openjdk-6-jre					install
openjdk-6-jre-headless				install
openjdk-6-jre-lib				install
openjdk-7-jdk					install
openjdk-7-jre					install
openjdk-7-jre-headless				install
openjdk-7-jre-lib				install
openjdk-7-source				install
openmpi-bin					install
openmpi-checkpoint				install
openmpi-common					install
openoffice.org-common				install
openoffice.org-hyphenation			install
openoffice.org-hyphenation-en-us		install
openoffice.org-thesaurus-en-us			install
openprinting-ppds				install
openssh-client					install
openssh-server					install
openssl						install
orage						install
os-prober					install
overlay-scrollbar				install
oxygen-icon-theme				install
p7zip-full					install
p7zip-rar					install
parted						install
passwd						install
patch						install
patchutils					install
paw						install
paw++						install
paw-common					install
paw-demos					install
pawserv						install
pbuilder					install
pbzip2						install
pciutils					install
pcmciautils					install
pdf2djvu					install
pencil						install
perl						install
perl-base					install
perl-doc					install
perl-modules					install
perlmagick					install
pfb2t1c2pfb					install
pgf						install
phonon						install
phonon-backend-gstreamer			install
pkg-config					install
plasma-scriptengine-javascript			install
plasma-widget-simplemonitor			install
plymouth					install
plymouth-label					install
plymouth-theme-ubuntu-logo			install
plymouth-theme-ubuntu-text			install
pm-utils					install
pnm2ppa						install
po-debconf					install
policykit-1					install
policykit-1-gnome				install
policykit-desktop-privileges			install
poppler-data					install
poppler-utils					install
popularity-contest				install
powermgmt-base					install
ppp						install
pppconfig					install
pppoeconf					install
pptp-linux					install
preview-latex-style				install
pristine-tar					install
procps						install
prosper						install
protobuf-compiler				install
ps2eps						install
psmisc						install
psutils						install
ptouch-driver					install
pulseaudio					install
pulseaudio-esound-compat			install
pulseaudio-module-bluetooth			install
pulseaudio-module-gconf				install
pulseaudio-module-x11				install
pulseaudio-utils				install
putty						install
putty-tools					install
pwgen						install
pxljr						install
pyro						install
python						install
python-appindicator				install
python-apport					install
python-apt					install
python-apt-common				install
python-aptdaemon				install
python-aptdaemon-gtk				install
python-aptdaemon.gtk3widgets			install
python-aptdaemon.gtkwidgets			install
python-avahi					install
python-brlapi					install
python-bzrlib					install
python-cairo					install
python-cddb					install
python-central					install
python-chardet					install
python-compizconfig				install
python-configglue				install
python-configobj				install
python-couchdb					install
python-crypto					install
python-cssutils					install
python-cssutils-doc				install
python-cups					install
python-cupshelpers				install
python-dateutil					install
python-dbus					install
python-debian					install
python-defer					install
python-desktopcouch-application			install
python-desktopcouch-records			install
python-dev					install
python-doc					install
python-egenix-mxdatetime			install
python-egenix-mxtools				install
python-enchant					install
python-encutils					install
python-eyed3					install
python-farsight					install
python-gconf					install
python-gdbm					install
python-git					install
python-glade2					install
python-gmenu					install
python-gnome2					install
python-gnomekeyring				install
python-gnupginterface				install
python-gnuplot					install
python-gobject					install
python-gobject-2				install
python-gobject-cairo				install
python-gst0.10					install
python-gtk2					install
python-gtksourceview2				install
python-httplib2					install
python-ibus					install
python-imaging					install
python-indicate					install
python-keybinder				install
python-keyring					install
python-launchpadlib				install
python-lazr.restfulclient			install
python-lazr.uri					install
python-libproxy					install
python-libxml2					install
python-louis					install
python-lxml					install
python-magic					install
python-mako					install
python-markupsafe				install
python-minimal					install
python-netcdf					install
python-notify					install
python-numpy					install
python-oauth					install
python-ogg					install
python-openssl					install
python-pam					install
python-papyon					install
python-paramiko					install
python-pexpect					install
python-piston-mini-client			install
python-pkg-resources				install
python-pocket-lint				install
python-poppler					install
python-problem-report				install
python-protobuf					install
python-psutil					install
python-pyatspi2					install
python-pycurl					install
python-pygrace					install
python-pyinotify				install
python-pyorbit					install
python-pyvorbis					install
python-pywapi					install
python-qt4					install
python-qt4-dbus					install
python-renderpm					install
python-reportlab				install
python-reportlab-accel				install
python-scientific				install
python-scipy					install
python-scitools					install
python-scour					install
python-serial					install
python-simplejson				install
python-sip					install
python-smbc					install
python-software-properties			install
python-speechd					install
python-support					install
python-telepathy				install
python-tk					install
python-twisted-bin				install
python-twisted-core				install
python-twisted-names				install
python-twisted-web				install
python-ubuntuone-client				install
python-ubuntuone-control-panel			install
python-ubuntuone-storageprotocol		install
python-uniconvertor				install
python-uno					install
python-virtkey					install
python-vte					install
python-wadllib					install
python-webkit					install
python-wicd					install
python-wnck					install
python-xapian					install
python-xdg					install
python-xkit					install
python-zope.interface				install
python2.7					install
python2.7-dev					install
python2.7-doc					install
python2.7-minimal				install
python3						install
python3-all					install
python3-cxx					install
python3-cxx-dev					install
python3-dev					install
python3-doc					install
python3-html2text				install
python3-minimal					install
python3.2					install
python3.2-dev					install
python3.2-doc					install
python3.2-minimal				install
qapt-batch					install
qapt-deb-installer				install
qdbus						install
qjackctl					install
qstardict					install
qt-assistant-compat				install
qt-at-spi					install
qt4-demos					install
qt4-designer					install
qt4-dev-tools					install
qt4-doc						install
qt4-linguist-tools				install
qt4-qmake					install
qt4-qmlviewer					install
qtcreator					install
qtcreator-doc					install
qtiplot						install
quilt						install
r-base						install
r-base-core					install
r-base-core-dbg					install
r-base-dev					install
r-base-html					install
r-cran-boot					install
r-cran-class					install
r-cran-cluster					install
r-cran-coda					install
r-cran-codetools				install
r-cran-date					install
r-cran-foreign					install
r-cran-inline					install
r-cran-kernsmooth				install
r-cran-lattice					install
r-cran-mass					install
r-cran-matrix					install
r-cran-mcmcpack					install
r-cran-mgcv					install
r-cran-nlme					install
r-cran-nnet					install
r-cran-rpart					install
r-cran-spatial					install
r-cran-survival					install
r-doc-html					install
r-recommended					install
radeontool					install
rake						install
rar:i386					install
rarian-compat					install
rastertosag-gdi					install
rc						install
rdesktop					install
readline-common					install
recordmydesktop					install
remmina						install
remmina-plugin-data				install
remmina-plugin-rdp				install
remmina-plugin-vnc				install
rfkill						install
rhythmbox					install
rhythmbox-plugin-cdrecorder			install
rhythmbox-plugins				install
ristretto					install
rlplot						install
rsync						install
rsyslog						install
rtkit						install
rubber						install
ruby						install
ruby-daemons					install
ruby-echoe					install
ruby-hoe					install
ruby-json					install
ruby-log4r					install
ruby-ncurses					install
ruby-rubyforge					install
ruby1.8						install
ruby1.8-dev					install
ruby1.9.1					install
ruby1.9.1-dev					install
rubygems					install
rubygems1.8					install
runit						install
sagemath-upstream-binary			install
samba-common					install
samba-common-bin				install
sane-utils					install
sat4j						install
scim						install
scim-bridge-agent				install
scim-bridge-client-gtk				install
scim-bridge-client-qt				install
scim-bridge-client-qt4				install
scim-chewing					install
scim-gtk2-immodule				install
scim-modules-socket				install
scim-modules-table				install
scim-pinyin					install
scim-sunpinyin					install
scim-tables-zh					install
screen						install
seahorse					install
sed						install
sensible-utils					install
sessioninstaller				install
sgml-base					install
sgml-data					install
shared-desktop-ontologies			install
shared-mime-info				install
shotwell					install
simple-scan					install
skype						install
smbclient					install
smplayer					install
smplayer-themes					install
smplayer-translations				install
sni-qt						install
software-center					install
software-properties-common			install
software-properties-gtk				install
soprano-daemon					install
sound-theme-freedesktop				install
speech-dispatcher				install
splix						install
squeeze						install
ssh						install
ssh-askpass-gnome				install
ssh-import-id					install
ssl-cert					install
stardict					install
stardict-britannicaconcise			install
stardict-common					install
stardict-gnome					install
stardict-langdao-ce-gb				install
stardict-langdao-ec-gb				install
stardict-longman				install
stardict-merrianwebster				install
stardict-oxford-gb				install
stardict-plugin					install
stardict-plugin-espeak				install
stardict-plugin-festival			install
stardict-plugin-gucharmap			install
stardict-xiandaihanyucidian			install
strace						install
sudo						install
sun-java6-bin					install
sun-java6-demo					install
sun-java6-javadb				install
sun-java6-jdk					install
sun-java6-jre					install
sun-java6-source				install
sunpinyin-data					install
sunpinyin-utils					install
swath						install
swish++						install
synaptic					install
sysinfo						install
syslinux					install
syslinux-common					install
system-config-date				install
system-config-printer-common			install
system-config-printer-gnome			install
system-config-printer-udev			install
sysv-rc						install
sysvinit-utils					install
t1utils						install
tango-icon-theme				install
tar						install
tcl						install
tcl8.5						install
tcpd						install
tcpdump						install
tcsh						install
telepathy-butterfly				install
telepathy-gabble				install
telepathy-haze					install
telepathy-idle					install
telepathy-indicator				install
telepathy-logger				install
telepathy-mission-control-5			install
telepathy-salut					install
telnet						install
terminator					install
tex-common					install
tex-gyre					install
tex4ht						install
tex4ht-common					install
texinfo						install
texlive						install
texlive-base					install
texlive-bibtex-extra				install
texlive-binaries				install
texlive-common					install
texlive-doc-base				install
texlive-doc-bg					install
texlive-doc-cs+sk				install
texlive-doc-de					install
texlive-doc-en					install
texlive-doc-es					install
texlive-doc-fi					install
texlive-doc-fr					install
texlive-doc-it					install
texlive-doc-ja					install
texlive-doc-ko					install
texlive-doc-mn					install
texlive-doc-nl					install
texlive-doc-pl					install
texlive-doc-pt					install
texlive-doc-ru					install
texlive-doc-si					install
texlive-doc-th					install
texlive-doc-tr					install
texlive-doc-uk					install
texlive-doc-vi					install
texlive-doc-zh					install
texlive-extra-utils				install
texlive-font-utils				install
texlive-fonts-extra				install
texlive-fonts-extra-doc				install
texlive-fonts-recommended			install
texlive-fonts-recommended-doc			install
texlive-formats-extra				install
texlive-full					install
texlive-games					install
texlive-generic-extra				install
texlive-generic-recommended			install
texlive-humanities				install
texlive-humanities-doc				install
texlive-lang-african				install
texlive-lang-arabic				install
texlive-lang-armenian				install
texlive-lang-croatian				install
texlive-lang-cyrillic				install
texlive-lang-czechslovak			install
texlive-lang-danish				install
texlive-lang-dutch				install
texlive-lang-finnish				install
texlive-lang-french				install
texlive-lang-german				install
texlive-lang-greek				install
texlive-lang-hebrew				install
texlive-lang-hungarian				install
texlive-lang-indic				install
texlive-lang-italian				install
texlive-lang-latin				install
texlive-lang-latvian				install
texlive-lang-lithuanian				install
texlive-lang-mongolian				install
texlive-lang-norwegian				install
texlive-lang-other				install
texlive-lang-polish				install
texlive-lang-portuguese				install
texlive-lang-spanish				install
texlive-lang-swedish				install
texlive-lang-tibetan				install
texlive-lang-ukenglish				install
texlive-lang-vietnamese				install
texlive-latex-base				install
texlive-latex-base-doc				install
texlive-latex-extra				install
texlive-latex-extra-doc				install
texlive-latex-recommended			install
texlive-latex-recommended-doc			install
texlive-latex3					install
texlive-luatex					install
texlive-math-extra				install
texlive-metapost				install
texlive-metapost-doc				install
texlive-music					install
texlive-omega					install
texlive-pictures				install
texlive-pictures-doc				install
texlive-plain-extra				install
texlive-pstricks				install
texlive-pstricks-doc				install
texlive-publishers				install
texlive-publishers-doc				install
texlive-science					install
texlive-science-doc				install
texlive-xetex					install
thailatex					install
thunar						install
thunar-archive-plugin				install
thunar-data					install
thunar-dbg					install
thunar-media-tags-plugin			install
thunar-volman					install
thunderbird					install
thunderbird-globalmenu				install
thunderbird-gnome-support			install
thunderbird-locale-en				install
thunderbird-locale-en-gb			install
thunderbird-locale-en-us			install
thunderbird-locale-zh-cn			install
thunderbird-locale-zh-hans			install
thunderbird-locale-zh-hant			install
thunderbird-locale-zh-tw			install
time						install
tipa						install
tk						install
tk8.5						install
tla						install
tla-doc						install
tmux						install
tomboy						install
tomcat7						install
tomcat7-admin					install
tomcat7-common					install
tomcat7-docs					install
tomcat7-examples				install
tomcat7-user					install
toshset						install
totem						install
totem-common					install
totem-mozilla					install
totem-plugins					install
transmission-common				install
transmission-gtk				install
tsconf						install
ttf-arphic-bsmi00lp				install
ttf-arphic-gbsn00lp				install
ttf-arphic-ukai					install
ttf-arphic-uming				install
ttf-dejavu-core					install
ttf-dejavu-extra				install
ttf-droid					install
ttf-freefont					install
ttf-gfs-artemisia				install
ttf-gfs-baskerville				install
ttf-gfs-bodoni-classic				install
ttf-gfs-didot					install
ttf-gfs-didot-classic				install
ttf-gfs-gazis					install
ttf-gfs-neohellenic				install
ttf-gfs-olga					install
ttf-gfs-porson					install
ttf-gfs-solomos					install
ttf-gfs-theokritos				install
ttf-indic-fonts-core				install
ttf-kacst-one					install
ttf-khmeros-core				install
ttf-lao						install
ttf-liberation					install
ttf-lyx						install
ttf-mscorefonts-installer			install
ttf-opensymbol					install
ttf-punjabi-fonts				install
ttf-sil-gentium					install
ttf-takao-pgothic				install
ttf-thai-tlwg					install
ttf-ubuntu-font-family				install
ttf-unfonts-core				install
ttf-wqy-microhei				install
ttf-wqy-zenhei					install
tth-common					install
ttm						install
tumbler						install
tumbler-common					install
tzdata						install
tzdata-java					install
ubuntu-artwork					install
ubuntu-docs					install
ubuntu-extras-keyring				install
ubuntu-keyring					install
ubuntu-minimal					install
ubuntu-mono					install
ubuntu-sounds					install
ubuntu-sso-client				install
ubuntu-standard					install
ubuntu-system-service				install
ubuntu-wallpapers				install
ubuntuone-client				install
ubuntuone-control-panel				install
ubuntuone-control-panel-gtk			install
ubuntuone-couch					install
ubuntuone-installer				install
ucf						install
udev						install
udisks						install
ufw						install
uim-common					install
uim-qt						install
uim-utils					install
unattended-upgrades				install
unicode-screensaver				install
unicon-imc2					install
unity						install
unity-2d					install
unity-2d-launcher				install
unity-2d-panel					install
unity-2d-places					install
unity-2d-spread					install
unity-asset-pool				install
unity-common					install
unity-greeter					install
unity-lens-applications				install
unity-lens-files				install
unity-lens-music				install
unity-scope-musicstores				install
unity-services					install
unixodbc					install
uno-libs3					install
unrar						install
unzip						install
update-inetd					install
update-manager					install
update-manager-core				install
update-notifier					install
update-notifier-common				install
upower						install
upstart						install
ure						install
ureadahead					install
usb-creator-common				install
usb-creator-gtk					install
usb-modeswitch					install
usb-modeswitch-data				install
usbmuxd						install
usbutils					install
util-linux					install
uuid-dev					install
uuid-runtime					install
vbetool						install
vim						install
vim-addon-manager				install
vim-common					install
vim-dbg						install
vim-doc						install
vim-gnome					install
vim-gui-common					install
vim-latexsuite					install
vim-runtime					install
vim-scripts					install
vim-syntax-gtk					install
vim-tiny					install
vim-vimoutliner					install
vinagre						install
vino						install
virtuoso-minimal				install
virtuoso-opensource-6.1-bin			install
virtuoso-opensource-6.1-common			install
vlc						install
vlc-data					install
vlc-nox						install
vlc-plugin-notify				install
vlc-plugin-pulse				install
vmware-view-open-client				install
vorbis-tools					install
wally						install
wamerican					install
wbritish					install
wdiff						install
wget						install
whiptail					install
whois						install
wicd						install
wicd-daemon					install
wicd-gtk					install
winbind						install
wine						install
wine1.3						install
wine1.3-gecko					install
winetricks					install
wireless-crda					install
wireless-tools					install
wodim						install
wpasupplicant					install
x-ttcidfont-conf				install
x11-apps					install
x11-common					install
x11-session-utils				install
x11-utils					install
x11-xfs-utils					install
x11-xkb-utils					install
x11-xserver-utils				install
x11proto-composite-dev				install
x11proto-core-dev				install
x11proto-damage-dev				install
x11proto-fixes-dev				install
x11proto-input-dev				install
x11proto-kb-dev					install
x11proto-print-dev				install
x11proto-randr-dev				install
x11proto-render-dev				install
x11proto-xext-dev				install
x11proto-xinerama-dev				install
xauth						install
xaw3dg						install
xbitmaps					install
xclip						install
xcursor-themes					install
xdelta						install
xdg-user-dirs					install
xdg-user-dirs-gtk				install
xdg-utils					install
xdiagnose					install
xfburn						install
xfce-keyboard-shortcuts				install
xfce4						install
xfce4-appfinder					install
xfce4-artwork					install
xfce4-battery-plugin				install
xfce4-clipman					install
xfce4-clipman-plugin				install
xfce4-cpufreq-plugin				install
xfce4-cpugraph-plugin				install
xfce4-datetime-plugin				install
xfce4-dbg					install
xfce4-dev-tools					install
xfce4-dict					install
xfce4-diskperf-plugin				install
xfce4-fsguard-plugin				install
xfce4-genmon-plugin				install
xfce4-goodies					install
xfce4-linelight-plugin				install
xfce4-mailwatch-plugin				install
xfce4-messenger-plugin				install
xfce4-mixer					install
xfce4-mount-plugin				install
xfce4-netload-plugin				install
xfce4-notes					install
xfce4-notes-plugin				install
xfce4-panel					install
xfce4-panel-dbg					install
xfce4-places-plugin				install
xfce4-power-manager				install
xfce4-power-manager-data			install
xfce4-power-manager-plugins			install
xfce4-quicklauncher-plugin			install
xfce4-screenshooter				install
xfce4-sensors-plugin				install
xfce4-session					install
xfce4-settings					install
xfce4-smartbookmark-plugin			install
xfce4-systemload-plugin				install
xfce4-taskmanager				install
xfce4-terminal					install
xfce4-terminal-dbg				install
xfce4-timer-plugin				install
xfce4-utils					install
xfce4-verve-plugin				install
xfce4-volumed					install
xfce4-wavelan-plugin				install
xfce4-weather-plugin				install
xfce4-wmdock-plugin				install
xfce4-xkb-plugin				install
xfconf						install
xfdesktop4					install
xfdesktop4-data					install
xfdesktop4-dbg					install
xfonts-base					install
xfonts-encodings				install
xfonts-intl-chinese				install
xfonts-mathml					install
xfonts-scalable					install
xfonts-terminus					install
xfonts-utils					install
xfonts-wqy					install
xfswitch-plugin					install
xfwm4						install
xfwm4-dbg					install
xfwm4-themes					install
xinit						install
xinput						install
xkb-data					install
xloadimage					install
xmhtml1						install
xml-core					install
xorg						install
xorg-docs-core					install
xorg-sgml-doctools				install
xpdf						install
xsane						install
xsane-common					install
xscreensaver					install
xscreensaver-data				install
xscreensaver-data-extra				install
xscreensaver-gl					install
xscreensaver-gl-extra				install
xscreensaver-screensaver-bsod			install
xscreensaver-screensaver-webcollage		install
xserver-common					install
xserver-xorg					install
xserver-xorg-core				install
xserver-xorg-input-all				install
xserver-xorg-input-evdev			install
xserver-xorg-input-mouse			install
xserver-xorg-input-synaptics			install
xserver-xorg-input-vmmouse			install
xserver-xorg-input-wacom			install
xserver-xorg-video-all				install
xserver-xorg-video-ati				install
xserver-xorg-video-cirrus			install
xserver-xorg-video-fbdev			install
xserver-xorg-video-intel			install
xserver-xorg-video-mach64			install
xserver-xorg-video-mga				install
xserver-xorg-video-neomagic			install
xserver-xorg-video-nouveau			install
xserver-xorg-video-openchrome			install
xserver-xorg-video-qxl				install
xserver-xorg-video-r128				install
xserver-xorg-video-radeon			install
xserver-xorg-video-s3				install
xserver-xorg-video-savage			install
xserver-xorg-video-siliconmotion		install
xserver-xorg-video-sis				install
xserver-xorg-video-sisusb			install
xserver-xorg-video-tdfx				install
xserver-xorg-video-trident			install
xserver-xorg-video-vesa				install
xserver-xorg-video-vmware			install
xterm						install
xtrans-dev					install
xul-ext-ubufox					install
xvba-va-driver					install
xxdiff						install
xz-utils					install
yelp						install
yelp-xsl					install
zeitgeist					install
zeitgeist-core					install
zeitgeist-datahub				install
zeitgeist-extension-fts				install
zenity						install
zenity-common					install
zerofree					install
zftp						install
zip						install
zlib1g						install
zlib1g:i386					install
zlib1g-dev					install
